thread start.
thread start.thread start.

thread start.
thread start.
thread start.
thread start.
thread start.
Finished Processing /home/feiyangting/ClipShots/train/t9xiionJPsPxtNgrVCPttA__.mp4
Finished Processing /home/feiyangting/ClipShots/train/9MPPQ8e5AACDxDZD.mp4
Finished Processing /home/feiyangting/ClipShots/train/DIo3JgL5XwwFuB9tJZalBGQqLaX7KjGL.mp4
Finished Processing /home/feiyangting/ClipShots/train/3321245709.mp4
Finished Processing /home/feiyangting/ClipShots/train/uWyUr8e7E51cJ7Ju.mp4
Finished Processing /home/feiyangting/ClipShots/train/AlkjpJq5T5BhTHxdBDLTaw__.mp4
Finished Processing /home/feiyangting/ClipShots/train/8HKBZIemkgA.mp4
Finished Processing /home/feiyangting/ClipShots/train/2302733909.mp4
Finished Processing /home/feiyangting/ClipShots/train/tFBQJmA~CuC4iQ78U0hH4w__.mp4
Finished Processing /home/feiyangting/ClipShots/train/Xeeuf-rmfZWV3McBP6aVwA__.mp4
Finished Processing /home/feiyangting/ClipShots/train/4045930709.mp4
Finished Processing /home/feiyangting/ClipShots/train/2089928409.mp4
Finished Processing /home/feiyangting/ClipShots/train/6QaXx9HqwdGzZoGGCQzJxw__.mp4
Finished Processing /home/feiyangting/ClipShots/train/3342537109.mp4
